<?xml version="1.0" encoding="UTF-8"?>
<coverage generated="1645253902244" clover="3.2.0">
  <project timestamp="1645253902245" name="All files">
    <metrics statements="55" coveredstatements="36" conditionals="0" coveredconditionals="0" methods="21" coveredmethods="6" elements="76" coveredelements="42" complexity="0" loc="55" ncloc="55" packages="2" files="7" classes="7"/>
    <package name="models">
      <metrics statements="12" coveredstatements="12" conditionals="0" coveredconditionals="0" methods="0" coveredmethods="0"/>
      <file name="Appointment.js" path="D:\Collabera_training\JayantSahu_Capstone\collaberaCapstone_Jayant\clinicManagementNodeApp\src\models\Appointment.js">
        <metrics statements="2" coveredstatements="2" conditionals="0" coveredconditionals="0" methods="0" coveredmethods="0"/>
        <line num="2" count="1" type="stmt"/>
        <line num="30" count="1" type="stmt"/>
      </file>
      <file name="Doctor.js" path="D:\Collabera_training\JayantSahu_Capstone\collaberaCapstone_Jayant\clinicManagementNodeApp\src\models\Doctor.js">
        <metrics statements="2" coveredstatements="2" conditionals="0" coveredconditionals="0" methods="0" coveredmethods="0"/>
        <line num="2" count="1" type="stmt"/>
        <line num="25" count="1" type="stmt"/>
      </file>
      <file name="Patient.js" path="D:\Collabera_training\JayantSahu_Capstone\collaberaCapstone_Jayant\clinicManagementNodeApp\src\models\Patient.js">
        <metrics statements="2" coveredstatements="2" conditionals="0" coveredconditionals="0" methods="0" coveredmethods="0"/>
        <line num="2" count="1" type="stmt"/>
        <line num="30" count="1" type="stmt"/>
      </file>
      <file name="PatientHistory.js" path="D:\Collabera_training\JayantSahu_Capstone\collaberaCapstone_Jayant\clinicManagementNodeApp\src\models\PatientHistory.js">
        <metrics statements="2" coveredstatements="2" conditionals="0" coveredconditionals="0" methods="0" coveredmethods="0"/>
        <line num="2" count="1" type="stmt"/>
        <line num="25" count="1" type="stmt"/>
      </file>
      <file name="Speciality.js" path="D:\Collabera_training\JayantSahu_Capstone\collaberaCapstone_Jayant\clinicManagementNodeApp\src\models\Speciality.js">
        <metrics statements="2" coveredstatements="2" conditionals="0" coveredconditionals="0" methods="0" coveredmethods="0"/>
        <line num="2" count="1" type="stmt"/>
        <line num="10" count="1" type="stmt"/>
      </file>
      <file name="TimeSlot.js" path="D:\Collabera_training\JayantSahu_Capstone\collaberaCapstone_Jayant\clinicManagementNodeApp\src\models\TimeSlot.js">
        <metrics statements="2" coveredstatements="2" conditionals="0" coveredconditionals="0" methods="0" coveredmethods="0"/>
        <line num="2" count="1" type="stmt"/>
        <line num="10" count="1" type="stmt"/>
      </file>
    </package>
    <package name="routes">
      <metrics statements="43" coveredstatements="24" conditionals="0" coveredconditionals="0" methods="21" coveredmethods="6"/>
      <file name="app.js" path="D:\Collabera_training\JayantSahu_Capstone\collaberaCapstone_Jayant\clinicManagementNodeApp\src\routes\app.js">
        <metrics statements="43" coveredstatements="24" conditionals="0" coveredconditionals="0" methods="21" coveredmethods="6"/>
        <line num="12" count="1" type="stmt"/>
        <line num="13" count="1" type="stmt"/>
        <line num="15" count="1" type="stmt"/>
        <line num="18" count="0" type="stmt"/>
        <line num="21" count="1" type="stmt"/>
        <line num="23" count="1" type="stmt"/>
        <line num="25" count="1" type="stmt"/>
        <line num="27" count="1" type="stmt"/>
        <line num="28" count="1" type="stmt"/>
        <line num="30" count="1" type="stmt"/>
        <line num="31" count="1" type="stmt"/>
        <line num="32" count="1" type="stmt"/>
        <line num="36" count="1" type="stmt"/>
        <line num="37" count="0" type="stmt"/>
        <line num="38" count="0" type="stmt"/>
        <line num="45" count="1" type="stmt"/>
        <line num="46" count="1" type="stmt"/>
        <line num="47" count="1" type="stmt"/>
        <line num="48" count="1" type="stmt"/>
        <line num="55" count="1" type="stmt"/>
        <line num="56" count="1" type="stmt"/>
        <line num="57" count="1" type="stmt"/>
        <line num="58" count="1" type="stmt"/>
        <line num="65" count="1" type="stmt"/>
        <line num="66" count="0" type="stmt"/>
        <line num="67" count="0" type="stmt"/>
        <line num="68" count="0" type="stmt"/>
        <line num="70" count="0" type="stmt"/>
        <line num="76" count="1" type="stmt"/>
        <line num="77" count="0" type="stmt"/>
        <line num="78" count="0" type="stmt"/>
        <line num="79" count="0" type="stmt"/>
        <line num="81" count="0" type="stmt"/>
        <line num="87" count="1" type="stmt"/>
        <line num="88" count="0" type="stmt"/>
        <line num="89" count="0" type="stmt"/>
        <line num="90" count="0" type="stmt"/>
        <line num="92" count="0" type="stmt"/>
        <line num="99" count="1" type="stmt"/>
        <line num="101" count="0" type="stmt"/>
        <line num="102" count="0" type="stmt"/>
        <line num="103" count="0" type="stmt"/>
        <line num="105" count="0" type="stmt"/>
      </file>
    </package>
  </project>
</coverage>
