{"D:\\Collabera_training\\JayantSahu_Capstone\\collaberaCapstone_Jayant\\clinicManagementNodeApp\\src\\models\\Appointment.js": {"path":"D:\\Collabera_training\\JayantSahu_Capstone\\collaberaCapstone_Jayant\\clinicManagementNodeApp\\src\\models\\Appointment.js","statementMap":{"0":{"start":{"line":2,"column":26},"end":{"line":28,"column":2}},"1":{"start":{"line":30,"column":0},"end":{"line":30,"column":49}}},"fnMap":{},"branchMap":{},"s":{"0":1,"1":1},"f":{},"b":{},"_coverageSchema":"1a1c01bbd47fc00a2c39e90264f33305004495a9","hash":"1e38bd640500d48e1adfa97eda26b9ef88a05daa"}
,"D:\\Collabera_training\\JayantSahu_Capstone\\collaberaCapstone_Jayant\\clinicManagementNodeApp\\src\\models\\Doctor.js": {"path":"D:\\Collabera_training\\JayantSahu_Capstone\\collaberaCapstone_Jayant\\clinicManagementNodeApp\\src\\models\\Doctor.js","statementMap":{"0":{"start":{"line":2,"column":21},"end":{"line":23,"column":2}},"1":{"start":{"line":25,"column":0},"end":{"line":25,"column":39}}},"fnMap":{},"branchMap":{},"s":{"0":1,"1":1},"f":{},"b":{},"_coverageSchema":"1a1c01bbd47fc00a2c39e90264f33305004495a9","hash":"918b505386522fa5f129fa0162534e65fc092308"}
,"D:\\Collabera_training\\JayantSahu_Capstone\\collaberaCapstone_Jayant\\clinicManagementNodeApp\\src\\models\\Patient.js": {"path":"D:\\Collabera_training\\JayantSahu_Capstone\\collaberaCapstone_Jayant\\clinicManagementNodeApp\\src\\models\\Patient.js","statementMap":{"0":{"start":{"line":2,"column":22},"end":{"line":28,"column":2}},"1":{"start":{"line":30,"column":0},"end":{"line":30,"column":41}}},"fnMap":{},"branchMap":{},"s":{"0":1,"1":1},"f":{},"b":{},"_coverageSchema":"1a1c01bbd47fc00a2c39e90264f33305004495a9","hash":"2babbd13738cba57efaf293c8bd34e9f9ffe75a2"}
,"D:\\Collabera_training\\JayantSahu_Capstone\\collaberaCapstone_Jayant\\clinicManagementNodeApp\\src\\models\\PatientHistory.js": {"path":"D:\\Collabera_training\\JayantSahu_Capstone\\collaberaCapstone_Jayant\\clinicManagementNodeApp\\src\\models\\PatientHistory.js","statementMap":{"0":{"start":{"line":2,"column":22},"end":{"line":23,"column":2}},"1":{"start":{"line":25,"column":0},"end":{"line":25,"column":48}}},"fnMap":{},"branchMap":{},"s":{"0":1,"1":1},"f":{},"b":{},"_coverageSchema":"1a1c01bbd47fc00a2c39e90264f33305004495a9","hash":"5ec06417c0f5b3a307fc5d7cdc234cd49ba4a86c"}
,"D:\\Collabera_training\\JayantSahu_Capstone\\collaberaCapstone_Jayant\\clinicManagementNodeApp\\src\\models\\Speciality.js": {"path":"D:\\Collabera_training\\JayantSahu_Capstone\\collaberaCapstone_Jayant\\clinicManagementNodeApp\\src\\models\\Speciality.js","statementMap":{"0":{"start":{"line":2,"column":25},"end":{"line":8,"column":2}},"1":{"start":{"line":10,"column":0},"end":{"line":10,"column":47}}},"fnMap":{},"branchMap":{},"s":{"0":1,"1":1},"f":{},"b":{},"_coverageSchema":"1a1c01bbd47fc00a2c39e90264f33305004495a9","hash":"919d0a5dc617ff7d1803301b931f751641aa0586"}
,"D:\\Collabera_training\\JayantSahu_Capstone\\collaberaCapstone_Jayant\\clinicManagementNodeApp\\src\\models\\TimeSlot.js": {"path":"D:\\Collabera_training\\JayantSahu_Capstone\\collaberaCapstone_Jayant\\clinicManagementNodeApp\\src\\models\\TimeSlot.js","statementMap":{"0":{"start":{"line":2,"column":19},"end":{"line":8,"column":2}},"1":{"start":{"line":10,"column":0},"end":{"line":10,"column":39}}},"fnMap":{},"branchMap":{},"s":{"0":1,"1":1},"f":{},"b":{},"_coverageSchema":"1a1c01bbd47fc00a2c39e90264f33305004495a9","hash":"8553b646c6f3c697eab21926eae193dd1abbf3d6"}
,"D:\\Collabera_training\\JayantSahu_Capstone\\collaberaCapstone_Jayant\\clinicManagementNodeApp\\src\\routes\\app.js": {"path":"D:\\Collabera_training\\JayantSahu_Capstone\\collaberaCapstone_Jayant\\clinicManagementNodeApp\\src\\routes\\app.js","statementMap":{"0":{"start":{"line":12,"column":22},"end":{"line":12,"column":58}},"1":{"start":{"line":13,"column":0},"end":{"line":19,"column":5}},"2":{"start":{"line":15,"column":4},"end":{"line":15,"column":53}},"3":{"start":{"line":18,"column":4},"end":{"line":18,"column":29}},"4":{"start":{"line":21,"column":12},"end":{"line":21,"column":21}},"5":{"start":{"line":23,"column":0},"end":{"line":23,"column":34}},"6":{"start":{"line":25,"column":0},"end":{"line":25,"column":16}},"7":{"start":{"line":27,"column":0},"end":{"line":27,"column":52}},"8":{"start":{"line":28,"column":0},"end":{"line":28,"column":27}},"9":{"start":{"line":30,"column":16},"end":{"line":30,"column":40}},"10":{"start":{"line":31,"column":0},"end":{"line":33,"column":3}},"11":{"start":{"line":32,"column":2},"end":{"line":32,"column":89}},"12":{"start":{"line":36,"column":0},"end":{"line":41,"column":3}},"13":{"start":{"line":37,"column":2},"end":{"line":40,"column":5}},"14":{"start":{"line":38,"column":10},"end":{"line":38,"column":25}},"15":{"start":{"line":45,"column":0},"end":{"line":51,"column":3}},"16":{"start":{"line":46,"column":16},"end":{"line":46,"column":31}},"17":{"start":{"line":47,"column":2},"end":{"line":50,"column":5}},"18":{"start":{"line":48,"column":10},"end":{"line":48,"column":25}},"19":{"start":{"line":55,"column":0},"end":{"line":61,"column":3}},"20":{"start":{"line":56,"column":22},"end":{"line":56,"column":43}},"21":{"start":{"line":57,"column":2},"end":{"line":60,"column":5}},"22":{"start":{"line":58,"column":10},"end":{"line":58,"column":25}},"23":{"start":{"line":65,"column":0},"end":{"line":72,"column":3}},"24":{"start":{"line":66,"column":2},"end":{"line":71,"column":5}},"25":{"start":{"line":67,"column":4},"end":{"line":67,"column":38}},"26":{"start":{"line":68,"column":4},"end":{"line":68,"column":64}},"27":{"start":{"line":70,"column":4},"end":{"line":70,"column":29}},"28":{"start":{"line":76,"column":0},"end":{"line":84,"column":3}},"29":{"start":{"line":77,"column":2},"end":{"line":83,"column":5}},"30":{"start":{"line":78,"column":4},"end":{"line":78,"column":37}},"31":{"start":{"line":79,"column":4},"end":{"line":79,"column":62}},"32":{"start":{"line":81,"column":4},"end":{"line":81,"column":29}},"33":{"start":{"line":87,"column":0},"end":{"line":95,"column":3}},"34":{"start":{"line":88,"column":2},"end":{"line":94,"column":5}},"35":{"start":{"line":89,"column":4},"end":{"line":89,"column":37}},"36":{"start":{"line":90,"column":4},"end":{"line":90,"column":62}},"37":{"start":{"line":92,"column":4},"end":{"line":92,"column":29}},"38":{"start":{"line":99,"column":0},"end":{"line":107,"column":3}},"39":{"start":{"line":101,"column":2},"end":{"line":106,"column":5}},"40":{"start":{"line":102,"column":4},"end":{"line":102,"column":45}},"41":{"start":{"line":103,"column":4},"end":{"line":103,"column":63}},"42":{"start":{"line":105,"column":4},"end":{"line":105,"column":21}}},"fnMap":{"0":{"name":"(anonymous_0)","decl":{"start":{"line":14,"column":8},"end":{"line":14,"column":9}},"loc":{"start":{"line":14,"column":14},"end":{"line":16,"column":3}},"line":14},"1":{"name":"(anonymous_1)","decl":{"start":{"line":17,"column":9},"end":{"line":17,"column":10}},"loc":{"start":{"line":17,"column":18},"end":{"line":19,"column":3}},"line":17},"2":{"name":"(anonymous_2)","decl":{"start":{"line":31,"column":13},"end":{"line":31,"column":14}},"loc":{"start":{"line":31,"column":27},"end":{"line":33,"column":1}},"line":31},"3":{"name":"(anonymous_3)","decl":{"start":{"line":36,"column":27},"end":{"line":36,"column":28}},"loc":{"start":{"line":36,"column":41},"end":{"line":41,"column":1}},"line":36},"4":{"name":"(anonymous_4)","decl":{"start":{"line":37,"column":19},"end":{"line":37,"column":20}},"loc":{"start":{"line":37,"column":40},"end":{"line":40,"column":3}},"line":37},"5":{"name":"(anonymous_5)","decl":{"start":{"line":45,"column":38},"end":{"line":45,"column":39}},"loc":{"start":{"line":45,"column":53},"end":{"line":51,"column":1}},"line":45},"6":{"name":"(anonymous_6)","decl":{"start":{"line":47,"column":29},"end":{"line":47,"column":30}},"loc":{"start":{"line":47,"column":50},"end":{"line":50,"column":3}},"line":47},"7":{"name":"(anonymous_7)","decl":{"start":{"line":55,"column":50},"end":{"line":55,"column":51}},"loc":{"start":{"line":55,"column":65},"end":{"line":61,"column":1}},"line":55},"8":{"name":"(anonymous_8)","decl":{"start":{"line":57,"column":41},"end":{"line":57,"column":42}},"loc":{"start":{"line":57,"column":62},"end":{"line":60,"column":3}},"line":57},"9":{"name":"(anonymous_9)","decl":{"start":{"line":65,"column":26},"end":{"line":65,"column":27}},"loc":{"start":{"line":65,"column":41},"end":{"line":72,"column":1}},"line":65},"10":{"name":"(anonymous_10)","decl":{"start":{"line":66,"column":32},"end":{"line":66,"column":33}},"loc":{"start":{"line":66,"column":41},"end":{"line":69,"column":3}},"line":66},"11":{"name":"(anonymous_11)","decl":{"start":{"line":69,"column":11},"end":{"line":69,"column":12}},"loc":{"start":{"line":69,"column":20},"end":{"line":71,"column":3}},"line":69},"12":{"name":"(anonymous_12)","decl":{"start":{"line":76,"column":34},"end":{"line":76,"column":35}},"loc":{"start":{"line":76,"column":49},"end":{"line":84,"column":1}},"line":76},"13":{"name":"(anonymous_13)","decl":{"start":{"line":77,"column":47},"end":{"line":77,"column":48}},"loc":{"start":{"line":77,"column":56},"end":{"line":80,"column":3}},"line":77},"14":{"name":"(anonymous_14)","decl":{"start":{"line":80,"column":11},"end":{"line":80,"column":12}},"loc":{"start":{"line":80,"column":20},"end":{"line":83,"column":3}},"line":80},"15":{"name":"(anonymous_15)","decl":{"start":{"line":87,"column":32},"end":{"line":87,"column":33}},"loc":{"start":{"line":87,"column":47},"end":{"line":95,"column":1}},"line":87},"16":{"name":"(anonymous_16)","decl":{"start":{"line":88,"column":46},"end":{"line":88,"column":47}},"loc":{"start":{"line":88,"column":55},"end":{"line":91,"column":3}},"line":88},"17":{"name":"(anonymous_17)","decl":{"start":{"line":91,"column":11},"end":{"line":91,"column":12}},"loc":{"start":{"line":91,"column":20},"end":{"line":94,"column":3}},"line":91},"18":{"name":"(anonymous_18)","decl":{"start":{"line":99,"column":30},"end":{"line":99,"column":31}},"loc":{"start":{"line":99,"column":45},"end":{"line":107,"column":1}},"line":99},"19":{"name":"(anonymous_19)","decl":{"start":{"line":101,"column":57},"end":{"line":101,"column":58}},"loc":{"start":{"line":101,"column":66},"end":{"line":104,"column":3}},"line":101},"20":{"name":"(anonymous_20)","decl":{"start":{"line":104,"column":11},"end":{"line":104,"column":12}},"loc":{"start":{"line":104,"column":20},"end":{"line":106,"column":3}},"line":104}},"branchMap":{},"s":{"0":1,"1":1,"2":1,"3":0,"4":1,"5":1,"6":1,"7":1,"8":1,"9":1,"10":1,"11":1,"12":1,"13":0,"14":0,"15":1,"16":1,"17":1,"18":1,"19":1,"20":1,"21":1,"22":1,"23":1,"24":0,"25":0,"26":0,"27":0,"28":1,"29":0,"30":0,"31":0,"32":0,"33":1,"34":0,"35":0,"36":0,"37":0,"38":1,"39":0,"40":0,"41":0,"42":0},"f":{"0":1,"1":0,"2":1,"3":0,"4":0,"5":1,"6":1,"7":1,"8":1,"9":0,"10":0,"11":0,"12":0,"13":0,"14":0,"15":0,"16":0,"17":0,"18":0,"19":0,"20":0},"b":{},"_coverageSchema":"1a1c01bbd47fc00a2c39e90264f33305004495a9","hash":"89655a58d73ffea656361a603707978e49b70c46"}
}
