TN:
SF:src\models\Appointment.js
FNF:0
FNH:0
DA:2,1
DA:30,1
LF:2
LH:2
BRF:0
BRH:0
end_of_record
TN:
SF:src\models\Doctor.js
FNF:0
FNH:0
DA:2,1
DA:25,1
LF:2
LH:2
BRF:0
BRH:0
end_of_record
TN:
SF:src\models\Patient.js
FNF:0
FNH:0
DA:2,1
DA:30,1
LF:2
LH:2
BRF:0
BRH:0
end_of_record
TN:
SF:src\models\PatientHistory.js
FNF:0
FNH:0
DA:2,1
DA:25,1
LF:2
LH:2
BRF:0
BRH:0
end_of_record
TN:
SF:src\models\Speciality.js
FNF:0
FNH:0
DA:2,1
DA:10,1
LF:2
LH:2
BRF:0
BRH:0
end_of_record
TN:
SF:src\models\TimeSlot.js
FNF:0
FNH:0
DA:2,1
DA:10,1
LF:2
LH:2
BRF:0
BRH:0
end_of_record
TN:
SF:src\routes\app.js
FN:14,(anonymous_0)
FN:17,(anonymous_1)
FN:31,(anonymous_2)
FN:36,(anonymous_3)
FN:37,(anonymous_4)
FN:45,(anonymous_5)
FN:47,(anonymous_6)
FN:55,(anonymous_7)
FN:57,(anonymous_8)
FN:65,(anonymous_9)
FN:66,(anonymous_10)
FN:69,(anonymous_11)
FN:76,(anonymous_12)
FN:77,(anonymous_13)
FN:80,(anonymous_14)
FN:87,(anonymous_15)
FN:88,(anonymous_16)
FN:91,(anonymous_17)
FN:99,(anonymous_18)
FN:101,(anonymous_19)
FN:104,(anonymous_20)
FNF:21
FNH:6
FNDA:1,(anonymous_0)
FNDA:0,(anonymous_1)
FNDA:1,(anonymous_2)
FNDA:0,(anonymous_3)
FNDA:0,(anonymous_4)
FNDA:1,(anonymous_5)
FNDA:1,(anonymous_6)
FNDA:1,(anonymous_7)
FNDA:1,(anonymous_8)
FNDA:0,(anonymous_9)
FNDA:0,(anonymous_10)
FNDA:0,(anonymous_11)
FNDA:0,(anonymous_12)
FNDA:0,(anonymous_13)
FNDA:0,(anonymous_14)
FNDA:0,(anonymous_15)
FNDA:0,(anonymous_16)
FNDA:0,(anonymous_17)
FNDA:0,(anonymous_18)
FNDA:0,(anonymous_19)
FNDA:0,(anonymous_20)
DA:12,1
DA:13,1
DA:15,1
DA:18,0
DA:21,1
DA:23,1
DA:25,1
DA:27,1
DA:28,1
DA:30,1
DA:31,1
DA:32,1
DA:36,1
DA:37,0
DA:38,0
DA:45,1
DA:46,1
DA:47,1
DA:48,1
DA:55,1
DA:56,1
DA:57,1
DA:58,1
DA:65,1
DA:66,0
DA:67,0
DA:68,0
DA:70,0
DA:76,1
DA:77,0
DA:78,0
DA:79,0
DA:81,0
DA:87,1
DA:88,0
DA:89,0
DA:90,0
DA:92,0
DA:99,1
DA:101,0
DA:102,0
DA:103,0
DA:105,0
LF:43
LH:24
BRF:0
BRH:0
end_of_record
